[2024-05-01 10:49:17 [32mINFO [0;39m restartedMain] [com.green.boardver3.BoardVer3Application] [36mStarting BoardVer3Application using Java 17.0.10 with PID 4608 (D:\Students\MJ\backEnd\boardVer3\build\classes\java\main started by Administrator in D:\Students\MJ\backEnd\boardVer3)[0;39m
[2024-05-01 10:49:17 [32mINFO [0;39m restartedMain] [com.green.boardver3.BoardVer3Application] [36mNo active profile set, falling back to 1 default profile: "default"[0;39m
[2024-05-01 10:49:17 [32mINFO [0;39m restartedMain] [org.springframework.boot.devtools.env.DevToolsPropertyDefaultsPostProcessor] [36mDevtools property defaults active! Set 'spring.devtools.add-properties' to 'false' to disable[0;39m
[2024-05-01 10:49:17 [32mINFO [0;39m restartedMain] [org.springframework.boot.devtools.env.DevToolsPropertyDefaultsPostProcessor] [36mFor additional web related logging consider setting the 'logging.level.web' property to 'DEBUG'[0;39m
[2024-05-01 10:49:18 [32mINFO [0;39m restartedMain] [org.springframework.boot.web.embedded.tomcat.TomcatWebServer] [36mTomcat initialized with port 8080 (http)[0;39m
[2024-05-01 10:49:18 [32mINFO [0;39m restartedMain] [org.apache.coyote.http11.Http11NioProtocol] [36mInitializing ProtocolHandler ["http-nio-8080"][0;39m
[2024-05-01 10:49:18 [32mINFO [0;39m restartedMain] [org.apache.catalina.core.StandardService] [36mStarting service [Tomcat][0;39m
[2024-05-01 10:49:18 [32mINFO [0;39m restartedMain] [org.apache.catalina.core.StandardEngine] [36mStarting Servlet engine: [Apache Tomcat/10.1.20][0;39m
[2024-05-01 10:49:18 [32mINFO [0;39m restartedMain] [org.apache.catalina.core.ContainerBase.[Tomcat].[localhost].[/]] [36mInitializing Spring embedded WebApplicationContext[0;39m
[2024-05-01 10:49:18 [32mINFO [0;39m restartedMain] [org.springframework.boot.web.servlet.context.ServletWebServerApplicationContext] [36mRoot WebApplicationContext: initialization completed in 760 ms[0;39m
[2024-05-01 10:49:19 [32mINFO [0;39m restartedMain] [org.springframework.boot.devtools.autoconfigure.OptionalLiveReloadServer] [36mLiveReload server is running on port 35729[0;39m
[2024-05-01 10:49:19 [32mINFO [0;39m restartedMain] [org.apache.coyote.http11.Http11NioProtocol] [36mStarting ProtocolHandler ["http-nio-8080"][0;39m
[2024-05-01 10:49:19 [32mINFO [0;39m restartedMain] [org.springframework.boot.web.embedded.tomcat.TomcatWebServer] [36mTomcat started on port 8080 (http) with context path ''[0;39m
[2024-05-01 10:49:19 [32mINFO [0;39m restartedMain] [com.green.boardver3.BoardVer3Application] [36mStarted BoardVer3Application in 1.598 seconds (process running for 1.955)[0;39m
[2024-05-01 10:53:17 [32mINFO [0;39m restartedMain] [com.green.boardver3.BoardVer3Application] [36mStarting BoardVer3Application using Java 17.0.10 with PID 10288 (D:\Students\MJ\backEnd\boardVer3\build\classes\java\main started by Administrator in D:\Students\MJ\backEnd\boardVer3)[0;39m
[2024-05-01 10:53:17 [32mINFO [0;39m restartedMain] [com.green.boardver3.BoardVer3Application] [36mNo active profile set, falling back to 1 default profile: "default"[0;39m
[2024-05-01 10:53:17 [32mINFO [0;39m restartedMain] [org.springframework.boot.devtools.env.DevToolsPropertyDefaultsPostProcessor] [36mDevtools property defaults active! Set 'spring.devtools.add-properties' to 'false' to disable[0;39m
[2024-05-01 10:53:17 [32mINFO [0;39m restartedMain] [org.springframework.boot.devtools.env.DevToolsPropertyDefaultsPostProcessor] [36mFor additional web related logging consider setting the 'logging.level.web' property to 'DEBUG'[0;39m
[2024-05-01 10:53:18 [32mINFO [0;39m restartedMain] [org.springframework.boot.web.embedded.tomcat.TomcatWebServer] [36mTomcat initialized with port 8080 (http)[0;39m
[2024-05-01 10:53:18 [32mINFO [0;39m restartedMain] [org.apache.coyote.http11.Http11NioProtocol] [36mInitializing ProtocolHandler ["http-nio-8080"][0;39m
[2024-05-01 10:53:18 [32mINFO [0;39m restartedMain] [org.apache.catalina.core.StandardService] [36mStarting service [Tomcat][0;39m
[2024-05-01 10:53:18 [32mINFO [0;39m restartedMain] [org.apache.catalina.core.StandardEngine] [36mStarting Servlet engine: [Apache Tomcat/10.1.20][0;39m
[2024-05-01 10:53:18 [32mINFO [0;39m restartedMain] [org.apache.catalina.core.ContainerBase.[Tomcat].[localhost].[/]] [36mInitializing Spring embedded WebApplicationContext[0;39m
[2024-05-01 10:53:18 [32mINFO [0;39m restartedMain] [org.springframework.boot.web.servlet.context.ServletWebServerApplicationContext] [36mRoot WebApplicationContext: initialization completed in 754 ms[0;39m
[2024-05-01 10:53:18 [32mINFO [0;39m restartedMain] [org.springframework.boot.devtools.autoconfigure.OptionalLiveReloadServer] [36mLiveReload server is running on port 35729[0;39m
[2024-05-01 10:53:18 [32mINFO [0;39m restartedMain] [org.apache.coyote.http11.Http11NioProtocol] [36mStarting ProtocolHandler ["http-nio-8080"][0;39m
[2024-05-01 10:53:18 [32mINFO [0;39m restartedMain] [org.springframework.boot.web.embedded.tomcat.TomcatWebServer] [36mTomcat started on port 8080 (http) with context path ''[0;39m
[2024-05-01 10:53:18 [32mINFO [0;39m restartedMain] [com.green.boardver3.BoardVer3Application] [36mStarted BoardVer3Application in 1.585 seconds (process running for 1.93)[0;39m
[2024-05-01 10:54:38 [32mINFO [0;39m http-nio-8080-exec-1] [org.apache.catalina.core.ContainerBase.[Tomcat].[localhost].[/]] [36mInitializing Spring DispatcherServlet 'dispatcherServlet'[0;39m
[2024-05-01 10:54:38 [32mINFO [0;39m http-nio-8080-exec-1] [org.springframework.web.servlet.DispatcherServlet] [36mInitializing Servlet 'dispatcherServlet'[0;39m
[2024-05-01 10:54:38 [32mINFO [0;39m http-nio-8080-exec-1] [org.springframework.web.servlet.DispatcherServlet] [36mCompleted initialization in 1 ms[0;39m
[2024-05-01 10:54:38 [32mINFO [0;39m http-nio-8080-exec-1] [com.green.boardver3.board.BoardController] [36mp의 파라미터[0;39m
[2024-05-01 10:54:38 [32mINFO [0;39m http-nio-8080-exec-1] [com.zaxxer.hikari.HikariDataSource] [36mHikariPool-1 - Starting...[0;39m
[2024-05-01 10:54:38 [32mINFO [0;39m http-nio-8080-exec-1] [com.zaxxer.hikari.pool.HikariPool] [36mHikariPool-1 - Added connection org.mariadb.jdbc.Connection@5b0b1f26[0;39m
[2024-05-01 10:54:38 [32mINFO [0;39m http-nio-8080-exec-1] [com.zaxxer.hikari.HikariDataSource] [36mHikariPool-1 - Start completed.[0;39m
[2024-05-01 10:55:07 [32mINFO [0;39m File Watcher] [org.springframework.boot.devtools.autoconfigure.LocalDevToolsAutoConfiguration$RestartingClassPathChangeChangedEventListener] [36mRestarting due to 5 class path changes (0 additions, 0 deletions, 5 modifications)[0;39m
[2024-05-01 10:55:07 [32mINFO [0;39m Thread-5] [org.apache.coyote.http11.Http11NioProtocol] [36mStopping ProtocolHandler ["http-nio-8080"][0;39m
[2024-05-01 10:55:07 [32mINFO [0;39m Thread-5] [com.zaxxer.hikari.HikariDataSource] [36mHikariPool-1 - Shutdown initiated...[0;39m
[2024-05-01 10:55:07 [32mINFO [0;39m Thread-5] [com.zaxxer.hikari.HikariDataSource] [36mHikariPool-1 - Shutdown completed.[0;39m
[2024-05-01 10:55:07 [32mINFO [0;39m restartedMain] [com.green.boardver3.BoardVer3Application] [36mStarting BoardVer3Application using Java 17.0.10 with PID 10288 (D:\Students\MJ\backEnd\boardVer3\build\classes\java\main started by Administrator in D:\Students\MJ\backEnd\boardVer3)[0;39m
[2024-05-01 10:55:07 [32mINFO [0;39m restartedMain] [com.green.boardver3.BoardVer3Application] [36mNo active profile set, falling back to 1 default profile: "default"[0;39m
[2024-05-01 10:55:07 [32mINFO [0;39m restartedMain] [org.springframework.boot.web.embedded.tomcat.TomcatWebServer] [36mTomcat initialized with port 8080 (http)[0;39m
[2024-05-01 10:55:07 [32mINFO [0;39m restartedMain] [org.apache.coyote.http11.Http11NioProtocol] [36mInitializing ProtocolHandler ["http-nio-8080"][0;39m
[2024-05-01 10:55:07 [32mINFO [0;39m restartedMain] [org.apache.catalina.core.StandardService] [36mStarting service [Tomcat][0;39m
[2024-05-01 10:55:07 [32mINFO [0;39m restartedMain] [org.apache.catalina.core.StandardEngine] [36mStarting Servlet engine: [Apache Tomcat/10.1.20][0;39m
[2024-05-01 10:55:07 [32mINFO [0;39m restartedMain] [org.apache.catalina.core.ContainerBase.[Tomcat].[localhost].[/]] [36mInitializing Spring embedded WebApplicationContext[0;39m
[2024-05-01 10:55:07 [32mINFO [0;39m restartedMain] [org.springframework.boot.web.servlet.context.ServletWebServerApplicationContext] [36mRoot WebApplicationContext: initialization completed in 197 ms[0;39m
[2024-05-01 10:55:07 [32mINFO [0;39m restartedMain] [org.springframework.boot.devtools.autoconfigure.OptionalLiveReloadServer] [36mLiveReload server is running on port 35729[0;39m
[2024-05-01 10:55:07 [32mINFO [0;39m restartedMain] [org.apache.coyote.http11.Http11NioProtocol] [36mStarting ProtocolHandler ["http-nio-8080"][0;39m
[2024-05-01 10:55:07 [32mINFO [0;39m restartedMain] [org.springframework.boot.web.embedded.tomcat.TomcatWebServer] [36mTomcat started on port 8080 (http) with context path ''[0;39m
[2024-05-01 10:55:07 [32mINFO [0;39m restartedMain] [com.green.boardver3.BoardVer3Application] [36mStarted BoardVer3Application in 0.362 seconds (process running for 110.773)[0;39m
[2024-05-01 10:55:07 [32mINFO [0;39m restartedMain] [org.springframework.boot.devtools.autoconfigure.ConditionEvaluationDeltaLoggingListener] [36mCondition evaluation unchanged[0;39m
[2024-05-01 10:55:11 [32mINFO [0;39m http-nio-8080-exec-1] [org.apache.catalina.core.ContainerBase.[Tomcat].[localhost].[/]] [36mInitializing Spring DispatcherServlet 'dispatcherServlet'[0;39m
[2024-05-01 10:55:11 [32mINFO [0;39m http-nio-8080-exec-1] [org.springframework.web.servlet.DispatcherServlet] [36mInitializing Servlet 'dispatcherServlet'[0;39m
[2024-05-01 10:55:11 [32mINFO [0;39m http-nio-8080-exec-1] [org.springframework.web.servlet.DispatcherServlet] [36mCompleted initialization in 0 ms[0;39m
[2024-05-01 10:55:11 [32mINFO [0;39m http-nio-8080-exec-1] [com.green.boardver3.board.BoardController] [36mp의 파라미터[0;39m
[2024-05-01 10:55:11 [32mINFO [0;39m http-nio-8080-exec-1] [com.zaxxer.hikari.HikariDataSource] [36mHikariPool-2 - Starting...[0;39m
[2024-05-01 10:55:11 [32mINFO [0;39m http-nio-8080-exec-1] [com.zaxxer.hikari.pool.HikariPool] [36mHikariPool-2 - Added connection org.mariadb.jdbc.Connection@7226ec4d[0;39m
[2024-05-01 10:55:11 [32mINFO [0;39m http-nio-8080-exec-1] [com.zaxxer.hikari.HikariDataSource] [36mHikariPool-2 - Start completed.[0;39m
[2024-05-01 10:55:27 [32mINFO [0;39m SpringApplicationShutdownHook] [com.zaxxer.hikari.HikariDataSource] [36mHikariPool-2 - Shutdown initiated...[0;39m
[2024-05-01 10:55:27 [32mINFO [0;39m SpringApplicationShutdownHook] [com.zaxxer.hikari.HikariDataSource] [36mHikariPool-2 - Shutdown completed.[0;39m
[2024-05-01 10:55:29 [32mINFO [0;39m restartedMain] [com.green.boardver3.BoardVer3Application] [36mStarting BoardVer3Application using Java 17.0.10 with PID 9636 (D:\Students\MJ\backEnd\boardVer3\build\classes\java\main started by Administrator in D:\Students\MJ\backEnd\boardVer3)[0;39m
[2024-05-01 10:55:29 [32mINFO [0;39m restartedMain] [com.green.boardver3.BoardVer3Application] [36mNo active profile set, falling back to 1 default profile: "default"[0;39m
[2024-05-01 10:55:29 [32mINFO [0;39m restartedMain] [org.springframework.boot.devtools.env.DevToolsPropertyDefaultsPostProcessor] [36mDevtools property defaults active! Set 'spring.devtools.add-properties' to 'false' to disable[0;39m
[2024-05-01 10:55:29 [32mINFO [0;39m restartedMain] [org.springframework.boot.devtools.env.DevToolsPropertyDefaultsPostProcessor] [36mFor additional web related logging consider setting the 'logging.level.web' property to 'DEBUG'[0;39m
[2024-05-01 10:55:29 [32mINFO [0;39m restartedMain] [org.springframework.boot.web.embedded.tomcat.TomcatWebServer] [36mTomcat initialized with port 8080 (http)[0;39m
[2024-05-01 10:55:29 [32mINFO [0;39m restartedMain] [org.apache.coyote.http11.Http11NioProtocol] [36mInitializing ProtocolHandler ["http-nio-8080"][0;39m
[2024-05-01 10:55:29 [32mINFO [0;39m restartedMain] [org.apache.catalina.core.StandardService] [36mStarting service [Tomcat][0;39m
[2024-05-01 10:55:29 [32mINFO [0;39m restartedMain] [org.apache.catalina.core.StandardEngine] [36mStarting Servlet engine: [Apache Tomcat/10.1.20][0;39m
[2024-05-01 10:55:29 [32mINFO [0;39m restartedMain] [org.apache.catalina.core.ContainerBase.[Tomcat].[localhost].[/]] [36mInitializing Spring embedded WebApplicationContext[0;39m
[2024-05-01 10:55:29 [32mINFO [0;39m restartedMain] [org.springframework.boot.web.servlet.context.ServletWebServerApplicationContext] [36mRoot WebApplicationContext: initialization completed in 752 ms[0;39m
[2024-05-01 10:55:30 [32mINFO [0;39m restartedMain] [org.springframework.boot.devtools.autoconfigure.OptionalLiveReloadServer] [36mLiveReload server is running on port 35729[0;39m
[2024-05-01 10:55:30 [32mINFO [0;39m restartedMain] [org.apache.coyote.http11.Http11NioProtocol] [36mStarting ProtocolHandler ["http-nio-8080"][0;39m
[2024-05-01 10:55:30 [32mINFO [0;39m restartedMain] [org.springframework.boot.web.embedded.tomcat.TomcatWebServer] [36mTomcat started on port 8080 (http) with context path ''[0;39m
[2024-05-01 10:55:30 [32mINFO [0;39m restartedMain] [com.green.boardver3.BoardVer3Application] [36mStarted BoardVer3Application in 1.581 seconds (process running for 1.928)[0;39m
[2024-05-01 10:55:32 [32mINFO [0;39m http-nio-8080-exec-1] [org.apache.catalina.core.ContainerBase.[Tomcat].[localhost].[/]] [36mInitializing Spring DispatcherServlet 'dispatcherServlet'[0;39m
[2024-05-01 10:55:32 [32mINFO [0;39m http-nio-8080-exec-1] [org.springframework.web.servlet.DispatcherServlet] [36mInitializing Servlet 'dispatcherServlet'[0;39m
[2024-05-01 10:55:32 [32mINFO [0;39m http-nio-8080-exec-1] [org.springframework.web.servlet.DispatcherServlet] [36mCompleted initialization in 1 ms[0;39m
[2024-05-01 10:55:32 [32mINFO [0;39m http-nio-8080-exec-1] [com.green.boardver3.board.BoardController] [36mp의 파라미터: PostBoard(title=안녕, contents=반가워, writerId=1025)[0;39m
[2024-05-01 10:55:32 [32mINFO [0;39m http-nio-8080-exec-1] [com.zaxxer.hikari.HikariDataSource] [36mHikariPool-1 - Starting...[0;39m
[2024-05-01 10:55:32 [32mINFO [0;39m http-nio-8080-exec-1] [com.zaxxer.hikari.pool.HikariPool] [36mHikariPool-1 - Added connection org.mariadb.jdbc.Connection@4a60b35e[0;39m
[2024-05-01 10:55:32 [32mINFO [0;39m http-nio-8080-exec-1] [com.zaxxer.hikari.HikariDataSource] [36mHikariPool-1 - Start completed.[0;39m
[2024-05-01 10:57:42 [32mINFO [0;39m SpringApplicationShutdownHook] [com.zaxxer.hikari.HikariDataSource] [36mHikariPool-1 - Shutdown initiated...[0;39m
[2024-05-01 10:57:42 [32mINFO [0;39m SpringApplicationShutdownHook] [com.zaxxer.hikari.HikariDataSource] [36mHikariPool-1 - Shutdown completed.[0;39m
[2024-05-01 10:57:44 [32mINFO [0;39m restartedMain] [com.green.boardver3.BoardVer3Application] [36mStarting BoardVer3Application using Java 17.0.10 with PID 7552 (D:\Students\MJ\backEnd\boardVer3\build\classes\java\main started by Administrator in D:\Students\MJ\backEnd\boardVer3)[0;39m
[2024-05-01 10:57:44 [32mINFO [0;39m restartedMain] [com.green.boardver3.BoardVer3Application] [36mNo active profile set, falling back to 1 default profile: "default"[0;39m
[2024-05-01 10:57:44 [32mINFO [0;39m restartedMain] [org.springframework.boot.devtools.env.DevToolsPropertyDefaultsPostProcessor] [36mDevtools property defaults active! Set 'spring.devtools.add-properties' to 'false' to disable[0;39m
[2024-05-01 10:57:44 [32mINFO [0;39m restartedMain] [org.springframework.boot.devtools.env.DevToolsPropertyDefaultsPostProcessor] [36mFor additional web related logging consider setting the 'logging.level.web' property to 'DEBUG'[0;39m
[2024-05-01 10:57:45 [32mINFO [0;39m restartedMain] [org.springframework.boot.web.embedded.tomcat.TomcatWebServer] [36mTomcat initialized with port 8080 (http)[0;39m
[2024-05-01 10:57:45 [32mINFO [0;39m restartedMain] [org.apache.coyote.http11.Http11NioProtocol] [36mInitializing ProtocolHandler ["http-nio-8080"][0;39m
[2024-05-01 10:57:45 [32mINFO [0;39m restartedMain] [org.apache.catalina.core.StandardService] [36mStarting service [Tomcat][0;39m
[2024-05-01 10:57:45 [32mINFO [0;39m restartedMain] [org.apache.catalina.core.StandardEngine] [36mStarting Servlet engine: [Apache Tomcat/10.1.20][0;39m
[2024-05-01 10:57:45 [32mINFO [0;39m restartedMain] [org.apache.catalina.core.ContainerBase.[Tomcat].[localhost].[/]] [36mInitializing Spring embedded WebApplicationContext[0;39m
[2024-05-01 10:57:45 [32mINFO [0;39m restartedMain] [org.springframework.boot.web.servlet.context.ServletWebServerApplicationContext] [36mRoot WebApplicationContext: initialization completed in 807 ms[0;39m
[2024-05-01 10:57:45 [32mINFO [0;39m restartedMain] [org.springframework.boot.devtools.autoconfigure.OptionalLiveReloadServer] [36mLiveReload server is running on port 35729[0;39m
[2024-05-01 10:57:45 [32mINFO [0;39m restartedMain] [org.apache.coyote.http11.Http11NioProtocol] [36mStarting ProtocolHandler ["http-nio-8080"][0;39m
[2024-05-01 10:57:45 [32mINFO [0;39m restartedMain] [org.springframework.boot.web.embedded.tomcat.TomcatWebServer] [36mTomcat started on port 8080 (http) with context path ''[0;39m
[2024-05-01 10:57:45 [32mINFO [0;39m restartedMain] [com.green.boardver3.BoardVer3Application] [36mStarted BoardVer3Application in 1.631 seconds (process running for 1.969)[0;39m
[2024-05-01 10:57:46 [32mINFO [0;39m http-nio-8080-exec-1] [org.apache.catalina.core.ContainerBase.[Tomcat].[localhost].[/]] [36mInitializing Spring DispatcherServlet 'dispatcherServlet'[0;39m
[2024-05-01 10:57:46 [32mINFO [0;39m http-nio-8080-exec-1] [org.springframework.web.servlet.DispatcherServlet] [36mInitializing Servlet 'dispatcherServlet'[0;39m
[2024-05-01 10:57:46 [32mINFO [0;39m http-nio-8080-exec-1] [org.springframework.web.servlet.DispatcherServlet] [36mCompleted initialization in 1 ms[0;39m
[2024-05-01 10:57:46 [32mINFO [0;39m http-nio-8080-exec-1] [com.green.boardver3.board.BoardController] [36mp의 파라미터: PostBoard(title=안녕, contents=반가워, writerId=1025)[0;39m
[2024-05-01 10:57:46 [32mINFO [0;39m http-nio-8080-exec-1] [com.zaxxer.hikari.HikariDataSource] [36mHikariPool-1 - Starting...[0;39m
[2024-05-01 10:57:46 [32mINFO [0;39m http-nio-8080-exec-1] [com.zaxxer.hikari.pool.HikariPool] [36mHikariPool-1 - Added connection org.mariadb.jdbc.Connection@4a60b35e[0;39m
[2024-05-01 10:57:46 [32mINFO [0;39m http-nio-8080-exec-1] [com.zaxxer.hikari.HikariDataSource] [36mHikariPool-1 - Start completed.[0;39m
[2024-05-01 10:58:07 [32mINFO [0;39m File Watcher] [org.springframework.boot.devtools.autoconfigure.LocalDevToolsAutoConfiguration$RestartingClassPathChangeChangedEventListener] [36mRestarting due to 1 class path change (0 additions, 0 deletions, 1 modification)[0;39m
[2024-05-01 10:58:07 [32mINFO [0;39m Thread-5] [org.apache.coyote.http11.Http11NioProtocol] [36mStopping ProtocolHandler ["http-nio-8080"][0;39m
[2024-05-01 10:58:07 [32mINFO [0;39m Thread-5] [com.zaxxer.hikari.HikariDataSource] [36mHikariPool-1 - Shutdown initiated...[0;39m
[2024-05-01 10:58:07 [32mINFO [0;39m Thread-5] [com.zaxxer.hikari.HikariDataSource] [36mHikariPool-1 - Shutdown completed.[0;39m
[2024-05-01 10:58:07 [32mINFO [0;39m restartedMain] [com.green.boardver3.BoardVer3Application] [36mStarting BoardVer3Application using Java 17.0.10 with PID 7552 (D:\Students\MJ\backEnd\boardVer3\build\classes\java\main started by Administrator in D:\Students\MJ\backEnd\boardVer3)[0;39m
[2024-05-01 10:58:07 [32mINFO [0;39m restartedMain] [com.green.boardver3.BoardVer3Application] [36mNo active profile set, falling back to 1 default profile: "default"[0;39m
[2024-05-01 10:58:07 [32mINFO [0;39m restartedMain] [org.springframework.boot.web.embedded.tomcat.TomcatWebServer] [36mTomcat initialized with port 8080 (http)[0;39m
[2024-05-01 10:58:07 [32mINFO [0;39m restartedMain] [org.apache.coyote.http11.Http11NioProtocol] [36mInitializing ProtocolHandler ["http-nio-8080"][0;39m
[2024-05-01 10:58:07 [32mINFO [0;39m restartedMain] [org.apache.catalina.core.StandardService] [36mStarting service [Tomcat][0;39m
[2024-05-01 10:58:07 [32mINFO [0;39m restartedMain] [org.apache.catalina.core.StandardEngine] [36mStarting Servlet engine: [Apache Tomcat/10.1.20][0;39m
[2024-05-01 10:58:07 [32mINFO [0;39m restartedMain] [org.apache.catalina.core.ContainerBase.[Tomcat].[localhost].[/]] [36mInitializing Spring embedded WebApplicationContext[0;39m
[2024-05-01 10:58:07 [32mINFO [0;39m restartedMain] [org.springframework.boot.web.servlet.context.ServletWebServerApplicationContext] [36mRoot WebApplicationContext: initialization completed in 184 ms[0;39m
[2024-05-01 10:58:07 [32mINFO [0;39m restartedMain] [org.springframework.boot.devtools.autoconfigure.OptionalLiveReloadServer] [36mLiveReload server is running on port 35729[0;39m
[2024-05-01 10:58:07 [32mINFO [0;39m restartedMain] [org.apache.coyote.http11.Http11NioProtocol] [36mStarting ProtocolHandler ["http-nio-8080"][0;39m
[2024-05-01 10:58:07 [32mINFO [0;39m restartedMain] [org.springframework.boot.web.embedded.tomcat.TomcatWebServer] [36mTomcat started on port 8080 (http) with context path ''[0;39m
[2024-05-01 10:58:07 [32mINFO [0;39m restartedMain] [com.green.boardver3.BoardVer3Application] [36mStarted BoardVer3Application in 0.327 seconds (process running for 24.17)[0;39m
[2024-05-01 10:58:07 [32mINFO [0;39m restartedMain] [org.springframework.boot.devtools.autoconfigure.ConditionEvaluationDeltaLoggingListener] [36mCondition evaluation unchanged[0;39m
[2024-05-01 11:10:16 [32mINFO [0;39m File Watcher] [org.springframework.boot.devtools.autoconfigure.LocalDevToolsAutoConfiguration$RestartingClassPathChangeChangedEventListener] [36mRestarting due to 1 class path change (0 additions, 0 deletions, 1 modification)[0;39m
[2024-05-01 11:10:16 [32mINFO [0;39m Thread-7] [org.apache.coyote.http11.Http11NioProtocol] [36mStopping ProtocolHandler ["http-nio-8080"][0;39m
[2024-05-01 11:10:16 [32mINFO [0;39m restartedMain] [com.green.boardver3.BoardVer3Application] [36mStarting BoardVer3Application using Java 17.0.10 with PID 7552 (D:\Students\MJ\backEnd\boardVer3\build\classes\java\main started by Administrator in D:\Students\MJ\backEnd\boardVer3)[0;39m
[2024-05-01 11:10:16 [32mINFO [0;39m restartedMain] [com.green.boardver3.BoardVer3Application] [36mNo active profile set, falling back to 1 default profile: "default"[0;39m
[2024-05-01 11:10:16 [32mINFO [0;39m restartedMain] [org.springframework.boot.web.embedded.tomcat.TomcatWebServer] [36mTomcat initialized with port 8080 (http)[0;39m
[2024-05-01 11:10:16 [32mINFO [0;39m restartedMain] [org.apache.coyote.http11.Http11NioProtocol] [36mInitializing ProtocolHandler ["http-nio-8080"][0;39m
[2024-05-01 11:10:16 [32mINFO [0;39m restartedMain] [org.apache.catalina.core.StandardService] [36mStarting service [Tomcat][0;39m
[2024-05-01 11:10:16 [32mINFO [0;39m restartedMain] [org.apache.catalina.core.StandardEngine] [36mStarting Servlet engine: [Apache Tomcat/10.1.20][0;39m
[2024-05-01 11:10:16 [32mINFO [0;39m restartedMain] [org.apache.catalina.core.ContainerBase.[Tomcat].[localhost].[/]] [36mInitializing Spring embedded WebApplicationContext[0;39m
[2024-05-01 11:10:16 [32mINFO [0;39m restartedMain] [org.springframework.boot.web.servlet.context.ServletWebServerApplicationContext] [36mRoot WebApplicationContext: initialization completed in 195 ms[0;39m
[2024-05-01 11:10:16 [32mINFO [0;39m restartedMain] [org.springframework.boot.devtools.autoconfigure.OptionalLiveReloadServer] [36mLiveReload server is running on port 35729[0;39m
[2024-05-01 11:10:16 [32mINFO [0;39m restartedMain] [org.apache.coyote.http11.Http11NioProtocol] [36mStarting ProtocolHandler ["http-nio-8080"][0;39m
[2024-05-01 11:10:16 [32mINFO [0;39m restartedMain] [org.springframework.boot.web.embedded.tomcat.TomcatWebServer] [36mTomcat started on port 8080 (http) with context path ''[0;39m
[2024-05-01 11:10:16 [32mINFO [0;39m restartedMain] [com.green.boardver3.BoardVer3Application] [36mStarted BoardVer3Application in 0.357 seconds (process running for 752.947)[0;39m
[2024-05-01 11:10:16 [32mINFO [0;39m restartedMain] [org.springframework.boot.devtools.autoconfigure.ConditionEvaluationDeltaLoggingListener] [36mCondition evaluation unchanged[0;39m
[2024-05-01 11:10:34 [32mINFO [0;39m File Watcher] [org.springframework.boot.devtools.autoconfigure.LocalDevToolsAutoConfiguration$RestartingClassPathChangeChangedEventListener] [36mRestarting due to 2 class path changes (0 additions, 0 deletions, 2 modifications)[0;39m
[2024-05-01 11:10:34 [32mINFO [0;39m Thread-11] [org.apache.coyote.http11.Http11NioProtocol] [36mStopping ProtocolHandler ["http-nio-8080"][0;39m
[2024-05-01 11:10:34 [32mINFO [0;39m restartedMain] [com.green.boardver3.BoardVer3Application] [36mStarting BoardVer3Application using Java 17.0.10 with PID 7552 (D:\Students\MJ\backEnd\boardVer3\build\classes\java\main started by Administrator in D:\Students\MJ\backEnd\boardVer3)[0;39m
[2024-05-01 11:10:34 [32mINFO [0;39m restartedMain] [com.green.boardver3.BoardVer3Application] [36mNo active profile set, falling back to 1 default profile: "default"[0;39m
[2024-05-01 11:10:34 [32mINFO [0;39m restartedMain] [org.springframework.boot.web.embedded.tomcat.TomcatWebServer] [36mTomcat initialized with port 8080 (http)[0;39m
[2024-05-01 11:10:34 [32mINFO [0;39m restartedMain] [org.apache.coyote.http11.Http11NioProtocol] [36mInitializing ProtocolHandler ["http-nio-8080"][0;39m
[2024-05-01 11:10:34 [32mINFO [0;39m restartedMain] [org.apache.catalina.core.StandardService] [36mStarting service [Tomcat][0;39m
[2024-05-01 11:10:34 [32mINFO [0;39m restartedMain] [org.apache.catalina.core.StandardEngine] [36mStarting Servlet engine: [Apache Tomcat/10.1.20][0;39m
[2024-05-01 11:10:34 [32mINFO [0;39m restartedMain] [org.apache.catalina.core.ContainerBase.[Tomcat].[localhost].[/]] [36mInitializing Spring embedded WebApplicationContext[0;39m
[2024-05-01 11:10:34 [32mINFO [0;39m restartedMain] [org.springframework.boot.web.servlet.context.ServletWebServerApplicationContext] [36mRoot WebApplicationContext: initialization completed in 167 ms[0;39m
[2024-05-01 11:10:34 [32mINFO [0;39m restartedMain] [org.springframework.boot.devtools.autoconfigure.OptionalLiveReloadServer] [36mLiveReload server is running on port 35729[0;39m
[2024-05-01 11:10:34 [32mINFO [0;39m restartedMain] [org.apache.coyote.http11.Http11NioProtocol] [36mStarting ProtocolHandler ["http-nio-8080"][0;39m
[2024-05-01 11:10:34 [32mINFO [0;39m restartedMain] [org.springframework.boot.web.embedded.tomcat.TomcatWebServer] [36mTomcat started on port 8080 (http) with context path ''[0;39m
[2024-05-01 11:10:34 [32mINFO [0;39m restartedMain] [com.green.boardver3.BoardVer3Application] [36mStarted BoardVer3Application in 0.295 seconds (process running for 771.008)[0;39m
[2024-05-01 11:10:34 [32mINFO [0;39m restartedMain] [org.springframework.boot.devtools.autoconfigure.ConditionEvaluationDeltaLoggingListener] [36mCondition evaluation unchanged[0;39m
[2024-05-01 11:18:08 [32mINFO [0;39m File Watcher] [org.springframework.boot.devtools.autoconfigure.LocalDevToolsAutoConfiguration$RestartingClassPathChangeChangedEventListener] [36mRestarting due to 2 class path changes (0 additions, 0 deletions, 2 modifications)[0;39m
[2024-05-01 11:18:08 [32mINFO [0;39m Thread-15] [org.apache.coyote.http11.Http11NioProtocol] [36mStopping ProtocolHandler ["http-nio-8080"][0;39m
[2024-05-01 11:18:08 [32mINFO [0;39m restartedMain] [com.green.boardver3.BoardVer3Application] [36mStarting BoardVer3Application using Java 17.0.10 with PID 7552 (D:\Students\MJ\backEnd\boardVer3\build\classes\java\main started by Administrator in D:\Students\MJ\backEnd\boardVer3)[0;39m
[2024-05-01 11:18:08 [32mINFO [0;39m restartedMain] [com.green.boardver3.BoardVer3Application] [36mNo active profile set, falling back to 1 default profile: "default"[0;39m
[2024-05-01 11:18:09 [32mINFO [0;39m restartedMain] [org.springframework.boot.web.embedded.tomcat.TomcatWebServer] [36mTomcat initialized with port 8080 (http)[0;39m
[2024-05-01 11:18:09 [32mINFO [0;39m restartedMain] [org.apache.coyote.http11.Http11NioProtocol] [36mInitializing ProtocolHandler ["http-nio-8080"][0;39m
[2024-05-01 11:18:09 [32mINFO [0;39m restartedMain] [org.apache.catalina.core.StandardService] [36mStarting service [Tomcat][0;39m
[2024-05-01 11:18:09 [32mINFO [0;39m restartedMain] [org.apache.catalina.core.StandardEngine] [36mStarting Servlet engine: [Apache Tomcat/10.1.20][0;39m
[2024-05-01 11:18:09 [32mINFO [0;39m restartedMain] [org.apache.catalina.core.ContainerBase.[Tomcat].[localhost].[/]] [36mInitializing Spring embedded WebApplicationContext[0;39m
[2024-05-01 11:18:09 [32mINFO [0;39m restartedMain] [org.springframework.boot.web.servlet.context.ServletWebServerApplicationContext] [36mRoot WebApplicationContext: initialization completed in 170 ms[0;39m
[2024-05-01 11:18:09 [32mINFO [0;39m restartedMain] [org.springframework.boot.devtools.autoconfigure.OptionalLiveReloadServer] [36mLiveReload server is running on port 35729[0;39m
[2024-05-01 11:18:09 [32mINFO [0;39m restartedMain] [org.apache.coyote.http11.Http11NioProtocol] [36mStarting ProtocolHandler ["http-nio-8080"][0;39m
[2024-05-01 11:18:09 [32mINFO [0;39m restartedMain] [org.springframework.boot.web.embedded.tomcat.TomcatWebServer] [36mTomcat started on port 8080 (http) with context path ''[0;39m
[2024-05-01 11:18:09 [32mINFO [0;39m restartedMain] [com.green.boardver3.BoardVer3Application] [36mStarted BoardVer3Application in 0.316 seconds (process running for 1225.485)[0;39m
[2024-05-01 11:18:09 [32mINFO [0;39m restartedMain] [org.springframework.boot.devtools.autoconfigure.ConditionEvaluationDeltaLoggingListener] [36mCondition evaluation unchanged[0;39m
[2024-05-01 11:20:00 [32mINFO [0;39m File Watcher] [org.springframework.boot.devtools.autoconfigure.LocalDevToolsAutoConfiguration$RestartingClassPathChangeChangedEventListener] [36mRestarting due to 1 class path change (0 additions, 0 deletions, 1 modification)[0;39m
[2024-05-01 11:20:00 [32mINFO [0;39m Thread-19] [org.apache.coyote.http11.Http11NioProtocol] [36mStopping ProtocolHandler ["http-nio-8080"][0;39m
[2024-05-01 11:20:00 [32mINFO [0;39m restartedMain] [com.green.boardver3.BoardVer3Application] [36mStarting BoardVer3Application using Java 17.0.10 with PID 7552 (D:\Students\MJ\backEnd\boardVer3\build\classes\java\main started by Administrator in D:\Students\MJ\backEnd\boardVer3)[0;39m
[2024-05-01 11:20:00 [32mINFO [0;39m restartedMain] [com.green.boardver3.BoardVer3Application] [36mNo active profile set, falling back to 1 default profile: "default"[0;39m
[2024-05-01 11:20:00 [32mINFO [0;39m restartedMain] [org.springframework.boot.web.embedded.tomcat.TomcatWebServer] [36mTomcat initialized with port 8080 (http)[0;39m
[2024-05-01 11:20:00 [32mINFO [0;39m restartedMain] [org.apache.coyote.http11.Http11NioProtocol] [36mInitializing ProtocolHandler ["http-nio-8080"][0;39m
[2024-05-01 11:20:00 [32mINFO [0;39m restartedMain] [org.apache.catalina.core.StandardService] [36mStarting service [Tomcat][0;39m
[2024-05-01 11:20:00 [32mINFO [0;39m restartedMain] [org.apache.catalina.core.StandardEngine] [36mStarting Servlet engine: [Apache Tomcat/10.1.20][0;39m
[2024-05-01 11:20:00 [32mINFO [0;39m restartedMain] [org.apache.catalina.core.ContainerBase.[Tomcat].[localhost].[/]] [36mInitializing Spring embedded WebApplicationContext[0;39m
[2024-05-01 11:20:00 [32mINFO [0;39m restartedMain] [org.springframework.boot.web.servlet.context.ServletWebServerApplicationContext] [36mRoot WebApplicationContext: initialization completed in 159 ms[0;39m
[2024-05-01 11:20:00 [32mINFO [0;39m restartedMain] [org.springframework.boot.devtools.autoconfigure.OptionalLiveReloadServer] [36mLiveReload server is running on port 35729[0;39m
[2024-05-01 11:20:00 [32mINFO [0;39m restartedMain] [org.apache.coyote.http11.Http11NioProtocol] [36mStarting ProtocolHandler ["http-nio-8080"][0;39m
[2024-05-01 11:20:00 [32mINFO [0;39m restartedMain] [org.springframework.boot.web.embedded.tomcat.TomcatWebServer] [36mTomcat started on port 8080 (http) with context path ''[0;39m
[2024-05-01 11:20:00 [32mINFO [0;39m restartedMain] [com.green.boardver3.BoardVer3Application] [36mStarted BoardVer3Application in 0.289 seconds (process running for 1336.89)[0;39m
[2024-05-01 11:20:00 [32mINFO [0;39m restartedMain] [org.springframework.boot.devtools.autoconfigure.ConditionEvaluationDeltaLoggingListener] [36mCondition evaluation unchanged[0;39m
[2024-05-01 11:35:23 [32mINFO [0;39m File Watcher] [org.springframework.boot.devtools.autoconfigure.LocalDevToolsAutoConfiguration$RestartingClassPathChangeChangedEventListener] [36mRestarting due to 5 class path changes (0 additions, 0 deletions, 5 modifications)[0;39m
[2024-05-01 11:35:23 [32mINFO [0;39m Thread-23] [org.apache.coyote.http11.Http11NioProtocol] [36mStopping ProtocolHandler ["http-nio-8080"][0;39m
[2024-05-01 11:35:23 [32mINFO [0;39m restartedMain] [com.green.boardver3.BoardVer3Application] [36mStarting BoardVer3Application using Java 17.0.10 with PID 7552 (D:\Students\MJ\backEnd\boardVer3\build\classes\java\main started by Administrator in D:\Students\MJ\backEnd\boardVer3)[0;39m
[2024-05-01 11:35:23 [32mINFO [0;39m restartedMain] [com.green.boardver3.BoardVer3Application] [36mNo active profile set, falling back to 1 default profile: "default"[0;39m
[2024-05-01 11:35:23 [32mINFO [0;39m restartedMain] [org.springframework.boot.web.embedded.tomcat.TomcatWebServer] [36mTomcat initialized with port 8080 (http)[0;39m
[2024-05-01 11:35:23 [32mINFO [0;39m restartedMain] [org.apache.coyote.http11.Http11NioProtocol] [36mInitializing ProtocolHandler ["http-nio-8080"][0;39m
[2024-05-01 11:35:23 [32mINFO [0;39m restartedMain] [org.apache.catalina.core.StandardService] [36mStarting service [Tomcat][0;39m
[2024-05-01 11:35:23 [32mINFO [0;39m restartedMain] [org.apache.catalina.core.StandardEngine] [36mStarting Servlet engine: [Apache Tomcat/10.1.20][0;39m
[2024-05-01 11:35:23 [32mINFO [0;39m restartedMain] [org.apache.catalina.core.ContainerBase.[Tomcat].[localhost].[/]] [36mInitializing Spring embedded WebApplicationContext[0;39m
[2024-05-01 11:35:23 [32mINFO [0;39m restartedMain] [org.springframework.boot.web.servlet.context.ServletWebServerApplicationContext] [36mRoot WebApplicationContext: initialization completed in 166 ms[0;39m
[2024-05-01 11:35:23 [32mINFO [0;39m restartedMain] [org.springframework.boot.devtools.autoconfigure.OptionalLiveReloadServer] [36mLiveReload server is running on port 35729[0;39m
[2024-05-01 11:35:23 [32mINFO [0;39m restartedMain] [org.apache.coyote.http11.Http11NioProtocol] [36mStarting ProtocolHandler ["http-nio-8080"][0;39m
[2024-05-01 11:35:23 [32mINFO [0;39m restartedMain] [org.springframework.boot.web.embedded.tomcat.TomcatWebServer] [36mTomcat started on port 8080 (http) with context path ''[0;39m
[2024-05-01 11:35:23 [32mINFO [0;39m restartedMain] [com.green.boardver3.BoardVer3Application] [36mStarted BoardVer3Application in 0.338 seconds (process running for 2259.927)[0;39m
[2024-05-01 11:35:23 [32mINFO [0;39m restartedMain] [org.springframework.boot.devtools.autoconfigure.ConditionEvaluationDeltaLoggingListener] [36mCondition evaluation unchanged[0;39m
[2024-05-01 11:37:02 [32mINFO [0;39m File Watcher] [org.springframework.boot.devtools.autoconfigure.LocalDevToolsAutoConfiguration$RestartingClassPathChangeChangedEventListener] [36mRestarting due to 5 class path changes (0 additions, 0 deletions, 5 modifications)[0;39m
[2024-05-01 11:37:02 [32mINFO [0;39m Thread-27] [org.apache.coyote.http11.Http11NioProtocol] [36mStopping ProtocolHandler ["http-nio-8080"][0;39m
[2024-05-01 11:37:02 [32mINFO [0;39m restartedMain] [com.green.boardver3.BoardVer3Application] [36mStarting BoardVer3Application using Java 17.0.10 with PID 7552 (D:\Students\MJ\backEnd\boardVer3\build\classes\java\main started by Administrator in D:\Students\MJ\backEnd\boardVer3)[0;39m
[2024-05-01 11:37:02 [32mINFO [0;39m restartedMain] [com.green.boardver3.BoardVer3Application] [36mNo active profile set, falling back to 1 default profile: "default"[0;39m
[2024-05-01 11:37:03 [32mINFO [0;39m restartedMain] [org.springframework.boot.web.embedded.tomcat.TomcatWebServer] [36mTomcat initialized with port 8080 (http)[0;39m
[2024-05-01 11:37:03 [32mINFO [0;39m restartedMain] [org.apache.coyote.http11.Http11NioProtocol] [36mInitializing ProtocolHandler ["http-nio-8080"][0;39m
[2024-05-01 11:37:03 [32mINFO [0;39m restartedMain] [org.apache.catalina.core.StandardService] [36mStarting service [Tomcat][0;39m
[2024-05-01 11:37:03 [32mINFO [0;39m restartedMain] [org.apache.catalina.core.StandardEngine] [36mStarting Servlet engine: [Apache Tomcat/10.1.20][0;39m
[2024-05-01 11:37:03 [32mINFO [0;39m restartedMain] [org.apache.catalina.core.ContainerBase.[Tomcat].[localhost].[/]] [36mInitializing Spring embedded WebApplicationContext[0;39m
[2024-05-01 11:37:03 [32mINFO [0;39m restartedMain] [org.springframework.boot.web.servlet.context.ServletWebServerApplicationContext] [36mRoot WebApplicationContext: initialization completed in 161 ms[0;39m
[2024-05-01 11:37:03 [32mINFO [0;39m restartedMain] [org.springframework.boot.devtools.autoconfigure.OptionalLiveReloadServer] [36mLiveReload server is running on port 35729[0;39m
[2024-05-01 11:37:03 [32mINFO [0;39m restartedMain] [org.apache.coyote.http11.Http11NioProtocol] [36mStarting ProtocolHandler ["http-nio-8080"][0;39m
[2024-05-01 11:37:03 [32mINFO [0;39m restartedMain] [org.springframework.boot.web.embedded.tomcat.TomcatWebServer] [36mTomcat started on port 8080 (http) with context path ''[0;39m
[2024-05-01 11:37:03 [32mINFO [0;39m restartedMain] [com.green.boardver3.BoardVer3Application] [36mStarted BoardVer3Application in 0.313 seconds (process running for 2359.534)[0;39m
[2024-05-01 11:37:03 [32mINFO [0;39m restartedMain] [org.springframework.boot.devtools.autoconfigure.ConditionEvaluationDeltaLoggingListener] [36mCondition evaluation unchanged[0;39m
[2024-05-01 11:42:04 [32mINFO [0;39m restartedMain] [com.green.boardver3.BoardVer3Application] [36mStarting BoardVer3Application using Java 17.0.10 with PID 9828 (D:\Students\MJ\backEnd\boardVer3\build\classes\java\main started by Administrator in D:\Students\MJ\backEnd\boardVer3)[0;39m
[2024-05-01 11:42:04 [32mINFO [0;39m restartedMain] [com.green.boardver3.BoardVer3Application] [36mNo active profile set, falling back to 1 default profile: "default"[0;39m
[2024-05-01 11:42:04 [32mINFO [0;39m restartedMain] [org.springframework.boot.devtools.env.DevToolsPropertyDefaultsPostProcessor] [36mDevtools property defaults active! Set 'spring.devtools.add-properties' to 'false' to disable[0;39m
[2024-05-01 11:42:04 [32mINFO [0;39m restartedMain] [org.springframework.boot.devtools.env.DevToolsPropertyDefaultsPostProcessor] [36mFor additional web related logging consider setting the 'logging.level.web' property to 'DEBUG'[0;39m
[2024-05-01 11:42:05 [32mINFO [0;39m restartedMain] [org.springframework.boot.web.embedded.tomcat.TomcatWebServer] [36mTomcat initialized with port 8080 (http)[0;39m
[2024-05-01 11:42:05 [32mINFO [0;39m restartedMain] [org.apache.coyote.http11.Http11NioProtocol] [36mInitializing ProtocolHandler ["http-nio-8080"][0;39m
[2024-05-01 11:42:05 [32mINFO [0;39m restartedMain] [org.apache.catalina.core.StandardService] [36mStarting service [Tomcat][0;39m
[2024-05-01 11:42:05 [32mINFO [0;39m restartedMain] [org.apache.catalina.core.StandardEngine] [36mStarting Servlet engine: [Apache Tomcat/10.1.20][0;39m
[2024-05-01 11:42:05 [32mINFO [0;39m restartedMain] [org.apache.catalina.core.ContainerBase.[Tomcat].[localhost].[/]] [36mInitializing Spring embedded WebApplicationContext[0;39m
[2024-05-01 11:42:05 [32mINFO [0;39m restartedMain] [org.springframework.boot.web.servlet.context.ServletWebServerApplicationContext] [36mRoot WebApplicationContext: initialization completed in 774 ms[0;39m
[2024-05-01 11:42:05 [32mINFO [0;39m restartedMain] [org.springframework.boot.devtools.autoconfigure.OptionalLiveReloadServer] [36mLiveReload server is running on port 35729[0;39m
[2024-05-01 11:42:05 [32mINFO [0;39m restartedMain] [org.apache.coyote.http11.Http11NioProtocol] [36mStarting ProtocolHandler ["http-nio-8080"][0;39m
[2024-05-01 11:42:05 [32mINFO [0;39m restartedMain] [org.springframework.boot.web.embedded.tomcat.TomcatWebServer] [36mTomcat started on port 8080 (http) with context path ''[0;39m
[2024-05-01 11:42:05 [32mINFO [0;39m restartedMain] [com.green.boardver3.BoardVer3Application] [36mStarted BoardVer3Application in 1.642 seconds (process running for 2.001)[0;39m
[2024-05-01 11:42:14 [32mINFO [0;39m http-nio-8080-exec-1] [org.apache.catalina.core.ContainerBase.[Tomcat].[localhost].[/]] [36mInitializing Spring DispatcherServlet 'dispatcherServlet'[0;39m
[2024-05-01 11:42:14 [32mINFO [0;39m http-nio-8080-exec-1] [org.springframework.web.servlet.DispatcherServlet] [36mInitializing Servlet 'dispatcherServlet'[0;39m
[2024-05-01 11:42:14 [32mINFO [0;39m http-nio-8080-exec-1] [org.springframework.web.servlet.DispatcherServlet] [36mCompleted initialization in 1 ms[0;39m
[2024-05-01 11:42:14 [32mINFO [0;39m http-nio-8080-exec-1] [com.green.boardver3.board.BoardController] [36mp의 파라미터: PostBoard(boardId=0, title=안녕, contents=반가워, writerId=1025)[0;39m
[2024-05-01 11:42:14 [32mINFO [0;39m http-nio-8080-exec-1] [com.green.boardver3.board.BoardService] [36m1 p.boardId: 0[0;39m
[2024-05-01 11:42:14 [32mINFO [0;39m http-nio-8080-exec-1] [com.zaxxer.hikari.HikariDataSource] [36mHikariPool-1 - Starting...[0;39m
[2024-05-01 11:42:14 [32mINFO [0;39m http-nio-8080-exec-1] [com.zaxxer.hikari.pool.HikariPool] [36mHikariPool-1 - Added connection org.mariadb.jdbc.Connection@1f26be9e[0;39m
[2024-05-01 11:42:14 [32mINFO [0;39m http-nio-8080-exec-1] [com.zaxxer.hikari.HikariDataSource] [36mHikariPool-1 - Start completed.[0;39m
[2024-05-01 11:42:14 [32mINFO [0;39m http-nio-8080-exec-1] [com.green.boardver3.board.BoardService] [36m2 p.boardId: 1033[0;39m
[2024-05-01 11:45:16 [32mINFO [0;39m File Watcher] [org.springframework.boot.devtools.autoconfigure.LocalDevToolsAutoConfiguration$RestartingClassPathChangeChangedEventListener] [36mRestarting due to 5 class path changes (0 additions, 0 deletions, 5 modifications)[0;39m
[2024-05-01 11:45:16 [32mINFO [0;39m Thread-5] [org.apache.coyote.http11.Http11NioProtocol] [36mStopping ProtocolHandler ["http-nio-8080"][0;39m
[2024-05-01 11:45:16 [32mINFO [0;39m Thread-5] [com.zaxxer.hikari.HikariDataSource] [36mHikariPool-1 - Shutdown initiated...[0;39m
[2024-05-01 11:45:16 [32mINFO [0;39m Thread-5] [com.zaxxer.hikari.HikariDataSource] [36mHikariPool-1 - Shutdown completed.[0;39m
[2024-05-01 11:45:16 [32mINFO [0;39m restartedMain] [com.green.boardver3.BoardVer3Application] [36mStarting BoardVer3Application using Java 17.0.10 with PID 9828 (D:\Students\MJ\backEnd\boardVer3\build\classes\java\main started by Administrator in D:\Students\MJ\backEnd\boardVer3)[0;39m
[2024-05-01 11:45:16 [32mINFO [0;39m restartedMain] [com.green.boardver3.BoardVer3Application] [36mNo active profile set, falling back to 1 default profile: "default"[0;39m
[2024-05-01 11:45:16 [32mINFO [0;39m restartedMain] [org.springframework.boot.web.embedded.tomcat.TomcatWebServer] [36mTomcat initialized with port 8080 (http)[0;39m
[2024-05-01 11:45:16 [32mINFO [0;39m restartedMain] [org.apache.coyote.http11.Http11NioProtocol] [36mInitializing ProtocolHandler ["http-nio-8080"][0;39m
[2024-05-01 11:45:16 [32mINFO [0;39m restartedMain] [org.apache.catalina.core.StandardService] [36mStarting service [Tomcat][0;39m
[2024-05-01 11:45:16 [32mINFO [0;39m restartedMain] [org.apache.catalina.core.StandardEngine] [36mStarting Servlet engine: [Apache Tomcat/10.1.20][0;39m
[2024-05-01 11:45:16 [32mINFO [0;39m restartedMain] [org.apache.catalina.core.ContainerBase.[Tomcat].[localhost].[/]] [36mInitializing Spring embedded WebApplicationContext[0;39m
[2024-05-01 11:45:16 [32mINFO [0;39m restartedMain] [org.springframework.boot.web.servlet.context.ServletWebServerApplicationContext] [36mRoot WebApplicationContext: initialization completed in 182 ms[0;39m
[2024-05-01 11:45:17 [32mINFO [0;39m restartedMain] [org.springframework.boot.devtools.autoconfigure.OptionalLiveReloadServer] [36mLiveReload server is running on port 35729[0;39m
[2024-05-01 11:45:17 [32mINFO [0;39m restartedMain] [org.apache.coyote.http11.Http11NioProtocol] [36mStarting ProtocolHandler ["http-nio-8080"][0;39m
[2024-05-01 11:45:17 [32mINFO [0;39m restartedMain] [org.springframework.boot.web.embedded.tomcat.TomcatWebServer] [36mTomcat started on port 8080 (http) with context path ''[0;39m
[2024-05-01 11:45:17 [32mINFO [0;39m restartedMain] [com.green.boardver3.BoardVer3Application] [36mStarted BoardVer3Application in 0.326 seconds (process running for 193.351)[0;39m
[2024-05-01 11:45:17 [32mINFO [0;39m restartedMain] [org.springframework.boot.devtools.autoconfigure.ConditionEvaluationDeltaLoggingListener] [36mCondition evaluation unchanged[0;39m
